#
#model:
#
#<?xml version="1.0" encoding="UTF-8" standalone="no"?><input id="posterior" spec="beast.core.util.CompoundDistribution">
#    <distribution id="prior" spec="beast.core.util.CompoundDistribution">
#        <distribution id="CoalescentConstant.t:ca.codon" spec="beast.evolution.tree.coalescent.Coalescent">
#            <populationModel id="ConstantPopulation.t:ca.codon" spec="beast.evolution.tree.coalescent.ConstantPopulation">
#                <parameter id="popSize.t:ca.codon" name="popSize">0.3</parameter>
#            </populationModel>
#            <treeIntervals id="TreeIntervals.t:ca.codon" spec="beast.evolution.tree.coalescent.TreeIntervals">
#                <tree id="Tree.t:ca.codon">
#                    <taxonset id="TaxonSet.ca.codon" spec="beast.evolution.alignment.TaxonSet">
#                        <alignment dataType="codon" geneticCode="vertebrateMitochondrial" id="ca.codon" spec="beast.evolution.alignment.CodonAlignment">
#                        </alignment>
#                    </taxonset>
#                </tree>
#            </treeIntervals>
#        </distribution>
#        <prior id="KappaPrior.s:ca.codon" name="distribution">
#            <parameter id="M0.kappa.s:ca.codon" name="x">2.0</parameter>
#            <LogNormal id="LogNormalDistributionModel.1" name="distr">
#                <parameter estimate="false" id="RealParameter.2" name="M">2.0</parameter>
#                <parameter estimate="false" id="RealParameter.3" name="S">1.25</parameter>
#            </LogNormal>
#        </prior>
#        <prior id="OmegaPrior.s:ca.codon" name="distribution">
#            <parameter id="M0.omega.s:ca.codon" name="x">1.0</parameter>
#            <LogNormal id="LogNormalDistributionModel.0" name="distr">
#                <parameter estimate="false" id="RealParameter.0" name="M">-3.0</parameter>
#                <parameter estimate="false" id="RealParameter.1" name="S">1.25</parameter>
#            </LogNormal>
#        </prior>
#        <prior id="PopSizePrior.t:ca.codon" name="distribution" x="@popSize.t:ca.codon">
#            <OneOnX id="OneOnX.1" name="distr"/>
#        </prior>
#    </distribution>
#    <distribution id="likelihood" spec="beast.core.util.CompoundDistribution" useThreads="true">
#        <distribution data="@ca.codon" id="treeLikelihood.ca.codon" spec="beast.evolution.likelihood.ThreadedTreeLikelihood" tree="@Tree.t:ca.codon">
#            <siteModel id="SiteModel.s:ca.codon" spec="beast.evolution.sitemodel.SiteModel">
#                <parameter estimate="false" id="mutationRate.s:ca.codon" name="mutationRate">1.0</parameter>
#                <parameter estimate="false" id="gammaShape.s:ca.codon" name="shape">1.0</parameter>
#                <parameter estimate="false" id="proportionInvariant.s:ca.codon" lower="0.0" name="proportionInvariant" upper="1.0">0.0</parameter>
#                <substModel id="M0.s:ca.codon" kappa="@M0.kappa.s:ca.codon" omega="@M0.omega.s:ca.codon" spec="codonmodels.M0CodonModel">
#                    <frequencies data="@ca.codon" estimate="false" id="F3X4Freqs.s:ca.codon" spec="codonmodels.CodonFrequencies"/>
#                </substModel>
#            </siteModel>
#            <branchRateModel id="StrictClock.c:ca.codon" spec="beast.evolution.branchratemodel.StrictClockModel">
#                <parameter estimate="false" id="clockRate.c:ca.codon" name="clock.rate">1.0</parameter>
#            </branchRateModel>
#        </distribution>
#    </distribution>
#</input>
#
Sample	posterior	likelihood	prior	TreeHeight	M0.kappa.s:ca.codon	M0.omega.s:ca.codon	popSize	CoalescentConstant
0	-3249.6424383523886	-3238.4590201729266	-11.183418179461887	0.7284976574259628	2.0	1.0	0.3	-5.983563060853019
1000	-1950.7822533466965	-1954.7018553680107	3.9196020213142777	0.3494252063657183	12.066647116408426	0.0590952339080441	0.1295386018654964	3.9082021193595415
2000	-1949.6500040957671	-1953.0708741238168	3.4208700280497366	0.3410119045610622	17.084594098041567	0.0571753286567541	0.1316361181347403	3.8848043320283425
3000	-1951.0312003993988	-1954.6577197203353	3.6265193209365396	0.3094395374420147	24.65283467911138	0.07193533498601029	0.11543158311225263	4.832413623403532
4000	-1949.612739671628	-1953.245868728812	3.6331290571839503	0.28809422269572277	22.071862767385994	0.07614916374965376	0.1220721130794966	4.7743758377748335
5000	-1948.4787317339838	-1952.0532420956645	3.5745103616806193	0.29459972970885445	17.321777696550637	0.07013026442742851	0.08785612737615271	3.891013182873012
6000	-1952.7630977384647	-1955.8421916993755	3.0790939609107486	0.2868687811143028	20.263362134654734	0.070403933096334	0.1188673348919161	3.952903830755278
7000	-1952.5819229415704	-1956.0509047647004	3.4689818231300125	0.3001964091370048	14.91981241923491	0.09787626649146713	0.0955719607883435	4.088126652201234
8000	-1950.6019098506433	-1953.5878198666414	2.9859100159981646	0.3269373674969684	18.978947348652557	0.07013270333727667	0.1774245323466902	4.149154954870237
9000	-1954.9892851920106	-1956.5190285481056	1.5297433560950657	0.26348647210624226	18.04211042662281	0.10125772172653404	0.2888360979891749	3.5909237079828147
10000	-1953.5035457767192	-1956.877421452677	3.3738756759577377	0.338508604082871	11.07186221147035	0.09282813957614645	0.14703416667834995	3.9448845484675887
11000	-1952.7053591586177	-1955.165944445381	2.460585286763191	0.42295543748565784	17.659067035768704	0.061985973397526095	0.15977921530842568	3.2594624401737935
12000	-1948.4354856860357	-1951.9975417757012	3.5620560896653872	0.3153823506841305	14.942191477687029	0.08863549595793813	0.11555087760452554	4.234279111624588
13000	-1952.8579091989761	-1955.5714337827621	2.713524583785982	0.3153470239944853	16.706376098166814	0.08880417560145705	0.20671462129805526	4.135863992382578
14000	-1952.35881897835	-1954.952503845935	2.5936848675852326	0.369030388043513	13.506471517261037	0.07812149339400652	0.1979295268588522	3.4930507200294096
15000	-1948.8212772090244	-1952.5336687145966	3.7123915055722763	0.2868727265724799	17.40089808231346	0.08079483135389294	0.07976508102147858	4.118338020508302
16000	-1950.320264728274	-1954.1611037444713	3.8408390161974397	0.32446323079767825	12.612973196068802	0.09751537697203408	0.15759943426470915	4.7203998541077885
17000	-1951.1895449890453	-1954.4098887170014	3.2203437279559974	0.295199844469616	17.86647076346876	0.07208283492426708	0.18058219103912534	4.339206047051641
18000	-1951.7135599767544	-1955.9309540803602	4.217394103605818	0.3052598907370533	15.153244680188	0.09413093788774979	0.11614152248340262	4.998643127819034
19000	-1950.9817696502635	-1953.900137692867	2.9183680426036247	0.32888644555980495	15.763414412571201	0.06966215608238599	0.09265190053603965	3.13703663585693
20000	-1953.4163207667816	-1958.593877460817	5.177556694035607	0.2621128023677344	18.27208344931263	0.08462551098700415	0.07505791898460686	5.660436497617278
21000	-1949.6461641102158	-1952.8991301548351	3.252966044619435	0.3205491667548116	14.476327736842805	0.06351297612931786	0.07689415506230511	3.0515086465272234
22000	-1954.7425423732063	-1957.1383381915869	2.3957958183804093	0.2957299863395947	18.598672504207972	0.09978852084034721	0.1491818879742474	3.82313017168436
23000	-1951.1335825287383	-1953.3007190852763	2.167136556538031	0.31930992539649367	17.754939385064812	0.09355784447675795	0.23490597143211522	3.883492428004547
24000	-1949.6883749929432	-1952.2937812716698	2.6054062787266883	0.320379765499863	15.787961157468736	0.07389106636731493	0.2650577612670451	3.9502002648827013
25000	-1949.805288785588	-1952.4856536253617	2.680364839773819	0.33052858550826775	20.069144469883348	0.07389106636731493	0.17258194116019618	3.9710304528645386
26000	-1952.9215449102126	-1956.02720448492	3.1056595747074485	0.29822290460402884	13.420936438541359	0.08513357338641739	0.16068389585889142	3.900864890593439
27000	-1949.8573442017434	-1954.16347481547	4.3061306137266016	0.28751686859375974	16.606669254227516	0.054479056040703244	0.1086147407193857	4.482658188403239
28000	-1955.6567913690455	-1959.019744640979	3.36295327193345	0.2332944611302004	17.205563369041975	0.12819736094244966	0.05300046971308933	4.0155868436033995
29000	-1952.7644785879768	-1956.1563155409087	3.391836952931853	0.32757605571466125	12.48143489440106	0.09800940042982804	0.1462698122146195	4.189993656622644
30000	-1951.1125359559255	-1954.099066058847	2.9865301029215763	0.2990233063932805	17.04835572631151	0.10476472129068864	0.09625411580162506	3.910735114587184
31000	-1949.7917869772118	-1953.4192768343787	3.6274898571668315	0.2744841503609562	11.36465034663635	0.08762841093980245	0.19170501684278524	4.417300645833491
32000	-1948.5335166551151	-1952.3087412355594	3.775224580444231	0.305286512448022	15.828986090004948	0.06894140733727151	0.17919067550223922	4.647062322024076
33000	-1949.0121871464137	-1953.0532540293348	4.041066882920975	0.2768001559438885	16.31278865279021	0.0909430881607462	0.08327373750102983	4.550889584872666
34000	-1948.8599020174813	-1953.3023354314123	4.442433413930997	0.2995681425687044	16.31278865279021	0.07996941429446966	0.09989015938985028	4.961313283418409
35000	-1953.0297300273292	-1954.6240309640548	1.594300936725702	0.28399294588524837	13.207121967936487	0.07971899264368155	0.36223469609338965	3.093354419341829
36000	-1953.2673796122451	-1954.392358676949	1.1249790647039162	0.28981938764123705	18.262864863863715	0.0752346784333247	0.3401504723390935	2.9650596463861367
37000	-1950.7128732887265	-1953.7717779127802	3.0589046240536217	0.3391507786128751	14.495320682278088	0.06250906007825752	0.20866390563514098	3.8392838906286553
38000	-1949.341438441357	-1953.5736008751987	4.232162433841827	0.3195870260782733	12.161947773444643	0.07453070893841444	0.17090733982745587	4.783010179187769
39000	-1952.9086411910178	-1956.2256032369078	3.316962045890008	0.2834448253892056	10.576803832693438	0.08870777673063972	0.06851910751485404	3.0046598533045463
40000	-1952.0641369014927	-1955.6599647583992	3.59582785690649	0.33608415704732875	10.784881008443286	0.07505489778176773	0.2280631906667143	4.290141261959627
41000	-1955.4552532489624	-1958.5142191846583	3.0589659356958174	0.3590853168962755	26.25727514421089	0.05646763690247473	0.12892793584702789	4.208014695903124
42000	-1953.0814861972033	-1955.6236061250804	2.5421199278770437	0.30033544594418926	24.468511431878596	0.06755873545989109	0.20216254957481333	4.218840741138746
43000	-1949.3826797859483	-1953.0563160003853	3.6736362144369776	0.3294728666857202	14.064871025229943	0.06755873545989109	0.09680344102683351	3.734049062835734
44000	-1952.0552838826754	-1954.9660272938581	2.9107434111827235	0.35909553007187445	14.218238090621869	0.07579053888979113	0.22972580010175367	3.9923782592893016
45000	-1950.5322981829538	-1954.0165043284012	3.4842061454474322	0.30108298788606525	11.984283954197632	0.08458831909768805	0.17938672278423443	4.228534742743099
46000	-1949.8428566424718	-1953.1101808474377	3.267324204965834	0.3318900156680347	13.99951921995262	0.07040152097183422	0.16756174174356228	3.9196506421271295
47000	-1950.627863980676	-1953.5876570419437	2.9597930612676993	0.3582573372251896	17.78230423718418	0.06963324059559124	0.19089686158841854	4.08443969206966
48000	-1951.7324485151737	-1953.5248872885534	1.7924387733795906	0.3379478875196238	13.791730485558142	0.0947372016582963	0.2923529064043731	3.3713062801181914
49000	-1949.5673214473202	-1953.2810343897847	3.7137129424646194	0.2943892431696485	18.295310421501622	0.08768225185409419	0.07330235868698337	4.222866087763174
50000	-1951.7099924300026	-1954.9378710062156	3.2278785762131212	0.3076343494470757	13.994737122285159	0.06886943115727147	0.1709060452576681	3.8727595092821243
51000	-1958.0555632389473	-1960.7333999705224	2.6778367315751623	0.2117215802379174	14.569303340294601	0.08550867305041639	0.28165673171007877	4.155821320576004
52000	-1950.519459107212	-1953.1164685806498	2.597009473437813	0.27207632055363035	15.78488380490763	0.07860773645795123	0.2632519808814575	4.013417497453734
53000	-1961.2899680582173	-1963.46108823218	2.1711201739627706	0.32221663675730006	27.593869673638604	0.06657856879888996	0.11823845448643608	3.5110190795454437
54000	-1954.061955103685	-1955.8359266579018	1.7739715542168877	0.38113134188158554	23.874338824646436	0.09337235692072045	0.2053660597646257	3.8435097769871542
55000	-1950.6638116947631	-1953.5055078864882	2.841696191725073	0.3017233212378785	18.60366541011639	0.07022089732547263	0.20907753281887365	4.138732154945911
56000	-1949.6060681880672	-1953.2275074517122	3.621439263644933	0.2973280974206447	17.719153998758898	0.07219771193964576	0.10011140561481652	4.13943328846079
57000	-1948.903026478277	-1952.8863402305228	3.9833137522458246	0.34962588306757425	14.71385605859077	0.05785202200310129	0.11993991900349991	4.144667109270751
58000	-1951.6516663008836	-1955.4639889443888	3.8123226435051984	0.29679223015837575	11.876603807101192	0.06607998790316444	0.2137282131111943	4.408835762706308
59000	-1953.926625841109	-1956.9092018858644	2.982576044755403	0.3843498199096584	13.072679224988832	0.06607998790316444	0.22642529321099947	3.7648431107769476
60000	-1949.4512603262137	-1953.8236555711953	4.37239524498151	0.3104833170854348	16.994113396261056	0.07069458740309292	0.08560784058181144	4.6433729412782
61000	-1949.826658732147	-1953.4551742306019	3.6285154984547043	0.2889644928842009	18.269493310255694	0.08270516185881448	0.1559125120950624	4.811628237967424
62000	-1950.1670301786687	-1954.6818078136525	4.514777634983817	0.2438885754429357	11.589402624102686	0.09218393170225227	0.07096469868104063	4.405754961876637
63000	-1957.0174297619246	-1960.8094721912785	3.7920424293538186	0.322703813961318	25.062728648141665	0.0835433957630912	0.10384129718473095	5.1134101057887715
64000	-1954.1804342054504	-1955.2261314311918	1.0456972257414439	0.3122619079924809	25.062728648141665	0.09614214809246752	0.29730947082204917	3.612280622690138
65000	-1952.1678865195674	-1954.8360776738048	2.668191154237226	0.3586128517111626	22.260377090112712	0.08190012921985693	0.15401846940310124	4.15068582278168
66000	-1950.8352142475744	-1954.6582522771228	3.8230380295484157	0.3155258233526899	15.064716780559348	0.05476831106145568	0.18329041727149986	4.383524420519072
67000	-1952.4450375443714	-1954.6790672022062	2.2340296578347414	0.3161493365544889	17.47821409542821	0.06192750760086434	0.2550264009498737	3.483404919420405
68000	-1950.7238078365003	-1952.7268007817133	2.0029929452130393	0.3617251523682773	21.065232867212167	0.06307734969722689	0.2617440528205316	3.6001189208321973
69000	-1951.4064366457958	-1954.6681336463791	3.261697000583273	0.33168606074452767	17.634723427518637	0.07427276947411701	0.20617620922576907	4.530028837421649
70000	-1955.2614258930132	-1957.861802481618	2.6003765886047745	0.38421576924960793	17.5941555550026	0.08208830512807681	0.11745752840098349	3.4313373091775894
71000	-1949.9979786675356	-1953.3093510335734	3.3113723660378316	0.26319299449135314	12.013153385902621	0.09707889198527926	0.06314519975032284	3.205265142102998
72000	-1952.5770020398943	-1955.9642414768803	3.3872394369860515	0.36461773134746983	11.905278440823796	0.07180993386846683	0.11903379265835692	3.5020375190338124
73000	-1951.881120869533	-1955.515906822862	3.634785953328826	0.33572038736164844	11.723331937876013	0.058889067531325154	0.10583147020355892	3.3797231997424193
74000	-1949.028951205578	-1952.2965702086956	3.2676190031175225	0.2792059015536932	17.215895127767983	0.08062278353029734	0.19702953728320619	4.5585311037828085
75000	-1950.035348098294	-1952.8120530065617	2.7767049082677717	0.2789886365824918	15.517961402172688	0.08906338055711696	0.2401325301339022	4.242315638293585
76000	-1948.3670851232964	-1952.7223292971898	4.355244173893341	0.3334932085665605	13.427232446393573	0.06164042946947057	0.12670094131676335	4.513084851789391
77000	-1950.48938894179	-1953.4307129281417	2.941323986351742	0.3084762593364101	24.033265786159493	0.07300688085460992	0.1565446897075728	4.425347236696574
78000	-1951.7512285451505	-1954.6207348623057	2.869506317155162	0.3111919663307141	11.541094390717111	0.07921859852024442	0.2382261813934557	3.7621644327328734
79000	-1950.143181887941	-1953.147325937647	3.0041440497062544	0.3313294030601985	17.133364245890604	0.06754773399797885	0.17153202840935958	3.927558163411876
80000	-1949.6088173696087	-1952.7417202097922	3.1329028401835535	0.3071165913990459	13.306280318563045	0.09444556427137255	0.07658886501120017	3.318176806131506
81000	-1950.9220583012736	-1954.219594887952	3.297536586678402	0.322663660143265	14.135440811455469	0.06416593454682501	0.20637390555289492	4.0612901849882945
82000	-1954.7790378555874	-1956.9271734967956	2.148135641208288	0.2978406189324287	10.46270375693575	0.08298370968919151	0.3322436758398787	3.3113540945640354
83000	-1950.1421821533243	-1954.3670139892304	4.224831835906196	0.3196846305972944	12.126185824609077	0.07882159340306387	0.10285560438246229	4.335434952246713
84000	-1952.8709802145956	-1953.7158981140042	0.8449178994086032	0.27128648349873535	15.900305775575763	0.08998313203019506	0.3898705106582961	2.845372642542839
85000	-1953.1178775105157	-1957.2993000239949	4.181422513479119	0.30211940214262595	14.745021695816522	0.08453558548510966	0.08233548890754082	4.43139903554138
86000	-1953.9342071332628	-1954.655230035185	0.7210229019222367	0.36005947481675793	26.09036209683392	0.0527247843511179	0.06802256091734787	1.146514911038373
87000	-1949.3792696974326	-1953.4041162490944	4.024846551661814	0.2748035777665842	17.608388050696476	0.09480444867049388	0.14112609205618062	5.237390584291245
88000	-1951.8776153159956	-1954.6831351365438	2.8055198205482124	0.34580660374274413	21.764621709955346	0.09480444867049388	0.14599117850766968	4.396008012733915
89000	-1949.5581299950754	-1953.2562149468124	3.698084951736897	0.3329970668113386	17.0891378086991	0.06056201272596616	0.09409537920040932	3.8903963043345775
90000	-1952.4119708212306	-1953.8884951777834	1.4765243565527233	0.34567168591125985	14.302992027361155	0.05870121436523949	0.3874559491487514	2.7859802522796926
91000	-1952.5607663715903	-1955.621913001046	3.0611466294558354	0.3969880205319519	18.767940229368836	0.06601874766300936	0.1270442755952317	3.799954785423046
92000	-1948.7671002093314	-1953.0529829663164	4.285882756984964	0.2743111332858494	12.962743826823395	0.10072989571326253	0.10386103466654369	4.832117787590029
93000	-1952.4073301745163	-1953.0465345403024	0.6392043657861575	0.37221667874274517	17.632459346874228	0.06074884874946621	0.4012624133125414	2.3336986930308186
94000	-1951.472507121456	-1954.9236681490631	3.451161027607122	0.3475224725295116	12.148701058170987	0.07544852715550161	0.09245682860619257	3.401639815807102
95000	-1952.4463936789318	-1952.0747341938134	-0.37165948511858016	0.30216902484469965	16.675114619639267	0.08113230397914956	0.5230165078991977	1.8549014556174557
96000	-1953.4665178108892	-1957.2482793644592	3.7817615535701474	0.3554240161877345	13.051055578585915	0.0591392954349301	0.16218226429896984	4.100938734214536
97000	-1950.7253422454385	-1954.9341530504232	4.208810804984847	0.2578036754005032	20.01444647973123	0.08580754487614799	0.08650515306627402	4.99878646804048
98000	-1952.4649149621205	-1953.0083952174957	0.5434802553751352	0.30340964905615714	20.09709951223407	0.08087296642038078	0.3989603188489676	2.790129960173353
99000	-1953.562076822519	-1957.1177247848916	3.5556479623726496	0.30896425773882114	12.077910030220284	0.0925596426314967	0.1192729145124245	4.025258896461898
100000	-1949.8248172735891	-1954.3932372864153	4.568420012826246	0.282973244417141	12.481849793873813	0.06366579121106161	0.12161749674895046	4.6231823299215495
101000	-1956.281313063097	-1958.289735095901	2.0084220328038853	0.36248376304247876	25.122763599314514	0.059679904600439974	0.14356177897033354	3.2463617320923284
102000	-1950.83164412361	-1953.7358136220137	2.9041694984036077	0.3579889047171132	17.176122318639504	0.09272301653476941	0.11229009682102913	3.8184818453350733
103000	-1953.0224264564079	-1956.7972985587296	3.7748721023217153	0.3172358714497114	18.833506475067715	0.04733267463803092	0.0865339581823721	3.7778525016716373
104000	-1954.5817583736489	-1956.6121289765174	2.0303706028686244	0.2843235695379451	23.30470232797777	0.10603598364431327	0.09329680069962151	3.4523572244299245
105000	-1951.3509371355228	-1954.009805767225	2.6588686317022487	0.2963753694590279	18.57788359875058	0.10603598364431327	0.2015923926804648	4.47443337701577
106000	-1949.4118724753014	-1953.5899418688216	4.178069393520145	0.28660025341504386	14.182696524539775	0.07043608424537656	0.1681213741215584	4.852700154439152
107000	-1949.3453523634191	-1952.6384068804107	3.293054516991557	0.3268612247444851	20.82674882708011	0.07466553080253839	0.15625985115168659	4.558654085634856
108000	-1952.3825730037252	-1955.8996395942702	3.5170665905449487	0.3102265088966534	23.839753489625796	0.08383514216590243	0.13618405157197008	5.025890576176049
109000	-1952.7232687416345	-1957.2176551061175	4.494386364483018	0.2690713008471591	9.940196745190883	0.06678839485615627	0.17329094571510237	4.671893493156768
110000	-1961.0776980907556	-1955.2998822859206	-5.777815804835079	0.23770248962040175	17.002579603158193	0.09891758286330157	1.439602204242341	-2.236324594182307
111000	-1953.5900704879846	-1956.1539613106852	2.5638908227005093	0.29085085388169296	16.73434414549781	0.07368741293367856	0.0705640175558863	2.6693903678898274
112000	-1950.2703636934757	-1953.9689971765604	3.6986334830847607	0.33400933679996203	12.324673310036959	0.09696466079110645	0.12953146794886905	4.343106928967384
113000	-1951.139965264828	-1954.318937126728	3.178971861899946	0.39184370282548087	13.32417562879308	0.07484600996995064	0.16558674782998206	3.8265514015986755
114000	-1951.8515062244214	-1954.1732909537595	2.3217847293381495	0.3420985109306675	20.727119854357618	0.07737470108848143	0.2052682414214781	3.8975056807207746
115000	-1951.446267861623	-1953.4507089014776	2.004441039854557	0.322890732579794	21.174298581315178	0.09180140592274107	0.09002910611782576	3.0201235797540553
116000	-1949.1700039497334	-1952.5436340078127	3.373630058079348	0.3245914238975132	14.00805896837437	0.07509971802863423	0.20445202486757866	4.306059173336426
117000	-1948.9060487421962	-1952.5474049160673	3.641356173871191	0.30509988318684156	13.11351391261289	0.09624947861871803	0.0996988185467186	4.097101123484881
118000	-1951.4009846755116	-1955.79156394549	4.39057926997834	0.3233388711060678	10.004990650183634	0.05921883215568843	0.16090893195374384	4.363421238876328
119000	-1954.9819698019517	-1953.9460412041176	-1.035928597833974	0.27058754110719596	18.173210750283193	0.09211711129813693	0.5677730166262785	1.5777786517094223
120000	-1955.0155154663323	-1956.9735813435132	1.9580658771808475	0.36010254349303505	25.361380929734576	0.06869845962509868	0.2226123028318293	3.8149506447521584
121000	-1953.3011563595514	-1957.0538847484218	3.752728388870348	0.29421104563819395	9.895907710166703	0.0673517424284472	0.1901114548036011	4.0275685648432695
122000	-1949.054518180499	-1952.2511252445613	3.1966070640623214	0.32248782133005505	20.292518009502693	0.07657498460674966	0.1223030192199461	4.206190036746094
123000	-1949.6888964499676	-1953.6776454974943	3.988749047526737	0.2791062093418212	17.232030540415884	0.08234501157572802	0.08820786898345034	4.505247999772096
124000	-1950.6229690067353	-1955.1342899693277	4.5113209625925235	0.2637074022236823	10.184651715149759	0.08263048126648863	0.1699496650989713	4.965819731872276
125000	-1954.1326582176825	-1956.6757900508653	2.543131833182791	0.2486024542407309	17.397969297069352	0.09703219272830031	0.2328640349329339	4.270792949768836
126000	-1949.27396000781	-1953.4067003743419	4.132740366531766	0.28287362711480774	16.492206849217737	0.0732987588869591	0.09150274108508014	4.469349528257896
127000	-1950.1642146667075	-1954.0514155880035	3.8872009212960537	0.2791350230866576	16.50779325688931	0.0880573197865859	0.12167626382005022	4.749858912669978
128000	-1951.7720455618137	-1954.4394885429606	2.6674429811469467	0.2615675923206961	12.138838226830439	0.09669192859110676	0.2590872634777595	3.981047858039342
129000	-1948.5924388951237	-1952.7844295336808	4.191990638557277	0.2968810838215184	15.147781964640593	0.06793291831216854	0.12659892052050595	4.6338477736032475
130000	-1954.9072805815124	-1956.7827392579627	1.8754586764503682	0.311573312732785	26.73608891928915	0.09260537419616345	0.18342311136378422	4.022738794609076
131000	-1950.3184172524748	-1952.1916272404355	1.8732099879607769	0.34120789652132344	19.63898988714352	0.06281258908420286	0.2919349000494131	3.459122530728318
132000	-1953.2561811193912	-1956.6145666034902	3.358385484099017	0.25919303292125145	20.05553375372171	0.1044574106851876	0.16797001176989884	5.092870469345047
133000	-1954.8688116911533	-1953.6069474377618	-1.2618642533914228	0.2957940271371535	20.23693697274767	0.06123111321297385	0.6461346697215485	1.1384848320324856
134000	-1957.990586231618	-1953.718296395057	-4.272289836560852	0.2988329970626428	14.76945036692856	0.07419871002041797	1.1824709402435831	-1.5245399019587014
135000	-1950.294646351717	-1953.8778705127504	3.583224161033606	0.350176857454095	16.35671412541738	0.07897045581661716	0.09483665965910432	4.037910902616364
136000	-1954.9384113167034	-1954.6653245997989	-0.27308671690465836	0.28357462806885275	11.651903964801148	0.09296397624357787	0.5465384853049988	1.678020910167478
137000	-1949.0220936145806	-1952.5944408047183	3.5723471901375943	0.3035410906274679	13.598631684821862	0.09379064720784616	0.13711862832127908	4.360287578679607
138000	-1951.4141473854802	-1955.0588986036273	3.6447512181471406	0.33529802779400564	16.909401043110368	0.05177113690943233	0.19073358376633182	4.358791483371056
139000	-1951.6691830774582	-1953.4467806807716	1.77759760331343	0.3723448304674252	18.81933362062026	0.0725892244820427	0.09264865596958889	2.3199459472905493
140000	-1952.5055747616711	-1954.629245731092	2.1236709694208673	0.27875856039144437	18.062093575045015	0.0924279342915645	0.23567925324568392	3.8531734237393325
141000	-1952.07962861992	-1954.4881533523094	2.4085247323893304	0.3473226847297725	18.061700253530393	0.06877787064681813	0.16054766342932947	3.3694939248936326
142000	-1949.1151908310421	-1954.125183092458	5.009992261415774	0.24849078053785745	12.458506693295185	0.0786792513987245	0.14147854181986716	5.47292122419435
143000	-1951.4379551661168	-1954.5258754656286	3.0879202995116986	0.3890495023592182	14.408073529006984	0.054301740611454916	0.12588647225876012	3.1994117672669065
144000	-1950.008460263917	-1952.872258333072	2.863798069155192	0.31969308171757493	21.57210514268575	0.0708222902217425	0.1523512228760417	4.097286733915311
145000	-1954.7810141046475	-1958.0292349032309	3.2482207985833425	0.29914012916870547	16.169499507017477	0.0762525249211841	0.09836747313316091	3.677166683716864
146000	-1951.6125150192865	-1953.9857837253267	2.373268706040192	0.3132739689711886	16.645024674022682	0.053488132738885745	0.3123680597409114	3.5903688979189794
147000	-1951.7721643776629	-1955.164421489309	3.392257111646077	0.27453898123368203	16.645024674022682	0.11702782367535727	0.1689731104155133	5.009961376179405
148000	-1955.0021546351356	-1958.0073579523018	3.0052033171662096	0.2661077734862547	14.645404836291421	0.09618014714829512	0.20620174153152648	4.3415763925692685
149000	-1952.595819044238	-1956.3560177069955	3.760198662757515	0.33077034323928306	10.801492221925859	0.06135395250880542	0.1867157526289472	4.014879958986797
150000	-1952.6549194591894	-1955.0620258577862	2.407106398596839	0.3499864121305688	21.520025434693462	0.10184100804586771	0.12212240774050635	3.902746224159855
151000	-1950.7461183543708	-1953.9274910567676	3.181372702396855	0.30524188785619616	16.189745665006242	0.10031268134197462	0.14020642962511087	4.3397325843672165
152000	-1952.4207823922627	-1956.3478941364729	3.927111744210049	0.26494200488027964	16.147346008129393	0.07229499255900411	0.07942627000602104	4.073191709942171
153000	-1948.2939110032908	-1952.716436195603	4.422525192312195	0.2758034898890428	16.223509303872728	0.07599149052065625	0.135291906516922	5.170844181829955
154000	-1951.5287622717167	-1953.8150533800533	2.28629110833661	0.3131782916174613	17.409937267341483	0.06452376232784754	0.27929891611011753	3.667860350383622
155000	-1949.8525128604176	-1952.914215764284	3.0617029038664274	0.2805200968433282	15.288796703558347	0.09131128188573624	0.07111197722788648	3.3229091505297816
156000	-1955.5862148215747	-1955.227709269009	-0.35850555256572636	0.28153221540989376	24.308553512873413	0.08100016392086588	0.4460477603665823	2.325435922806837
157000	-1950.9175542130154	-1954.4836147869958	3.5660605739802858	0.30072103178730214	20.12882105850986	0.07451967534897662	0.1624315260748283	4.811616099921649
158000	-1948.9223730837875	-1952.0754960000202	3.1531229162326717	0.35108622612634904	16.573001498541306	0.08047780915534096	0.15310183505286465	4.131233882898755
159000	-1952.751268625727	-1956.7293386893416	3.9780700636144264	0.2555552428659861	10.061080252333495	0.08484654369748663	0.2164373883440769	4.694972202878534
160000	-1948.5487635841919	-1952.1239106778235	3.5751470936314984	0.32861840321050617	15.317007098867256	0.0744041349767471	0.18777402023778234	4.539210037259198
161000	-1956.6143626819394	-1957.1320595624454	0.517696880505982	0.41546536957711105	13.13372123617895	0.07474299950323093	0.41755764934545014	2.0687046779650746
162000	-1947.8352314454762	-1952.026544324153	4.191312878676872	0.2884303185918886	17.21731539010749	0.07337837367690635	0.12382545904077154	4.897510525415762
163000	-1950.2588950374197	-1954.2995452001298	4.040650162710031	0.31020724594615223	10.766455131467941	0.07337837367690635	0.1195253935212639	4.05838509123762
164000	-1949.0761892558544	-1952.9586299623286	3.8824407064741475	0.3322100305722098	13.103648353183528	0.0747497879154017	0.11264868213120716	4.120279741871291
165000	-1950.8853797263087	-1953.0274758471255	2.142096120816957	0.3331873375034093	16.61948499331028	0.0747497879154017	0.2605345317880333	3.561307113819892
166000	-1951.013635953419	-1955.2382928556638	4.224656902244863	0.24967642535076534	16.746392828699197	0.08645262507887726	0.07155557998294819	4.553229116653153
167000	-1955.8953745954418	-1956.919458013774	1.0240834183321585	0.26522434674818346	19.857527541151462	0.10827575024779504	0.30596149533007816	3.3953520459406104
168000	-1952.0829662484955	-1954.1798119521056	2.0968457036101116	0.35274835658240683	11.805392724084175	0.0608073473323963	0.33695720732536616	3.0447710476029943
169000	-1951.9934934393639	-1955.7323077863687	3.7388143470047304	0.26771177454302947	12.414725265705385	0.09049092775959776	0.13788700827056993	4.358432002764906
170000	-1951.604596098002	-1954.5204568914703	2.915860793468196	0.2897252471768208	16.53936627150018	0.07968708004332577	0.2543193943417398	4.385501319343737
171000	-1950.0009439989906	-1953.2247230399855	3.2237790409949563	0.3142188513918775	16.271302454605287	0.0599345690304489	0.1801556012738517	3.979331321586934
172000	-1951.4664808891794	-1954.178274277151	2.7117933879717646	0.32341167494584383	16.523993727748678	0.09920621132527281	0.19899133170860625	4.235101465075461
173000	-1953.4782287600217	-1955.5069177273056	2.028688967283843	0.33009460628817555	15.41002810332982	0.05572380710337164	0.3092121298568606	3.163737724491425
174000	-1950.0420191942278	-1953.4936066154457	3.4515874212179263	0.2854888287131202	16.569942532899862	0.09597683325845825	0.11664699643211973	4.397650349474745
175000	-1951.9462681759528	-1953.352694817699	1.406426641746225	0.3373109725171378	16.569942532899862	0.08500547754027345	0.3240626571654836	3.2066063452562847
176000	-1951.162317178682	-1954.0252951989505	2.8629780202683293	0.346241144150967	16.826876894834772	0.08795048707425977	0.17162477556754446	4.097037349681616
177000	-1951.1639675884628	-1955.2900958938226	4.126128305359881	0.2476217147293394	15.6209509523781	0.10941096086204344	0.08341918556740426	4.84009653557752
178000	-1955.096357960229	-1957.41050199847	2.314144038241082	0.2973610540308482	11.786418663004126	0.05260375885611601	0.3506656258087985	3.1431083207285697
179000	-1953.7797883971637	-1956.5067281254917	2.7269397283280687	0.2543196620564569	21.974925333322354	0.06984179126687295	0.23937997677181888	4.426565163310517
180000	-1949.4563719734087	-1952.5300728229872	3.0737008495784837	0.32872764820584227	18.205598189579714	0.07299506541983154	0.12493994884485182	3.8693570325350555
181000	-1953.3296786200056	-1954.6155585722245	1.2858799522188844	0.33462958438869067	16.10472765752842	0.07731544979574417	0.3689799563018373	3.0485189750395927
182000	-1954.0035235295163	-1956.8730837358587	2.8695602063423675	0.2818466196632586	12.245787211561392	0.1015821466610524	0.22921848964129798	4.143335498098249
183000	-1950.4527575058287	-1953.5419123145143	3.089154808685649	0.30877656890975996	17.72963386675824	0.06455787025032879	0.20197439018075555	4.175481688953695
184000	-1950.960573900468	-1952.8619248487942	1.9013509483260955	0.3051263243896169	20.001634319884655	0.08044009635622101	0.25266442376126236	3.676373604659476
185000	-1950.8731859717004	-1953.938576935868	3.065390964167621	0.3309964170942639	14.300964898665127	0.07430315630177046	0.15225730309429913	3.7189290313599925
186000	-1950.3756519205087	-1954.322087273605	3.946435353096245	0.33514347024066055	10.860906439851675	0.08462399362355619	0.09989110929422088	3.9800760768007004
187000	-1954.5978967429053	-1956.5601785764632	1.962281833557869	0.3480768903581305	16.392035702780653	0.09784509887695347	0.2292119636889907	3.594998874316077
188000	-1950.1356934859878	-1954.00700823897	3.8713147529821916	0.27802940947207194	14.712285906435532	0.093635385407716	0.0909720774803334	4.35805859465243
189000	-1952.6893761439026	-1955.1981488021895	2.5087726582868903	0.3844715134793434	15.159439860859736	0.056909345679060155	0.26792899573646584	3.499206151424981
190000	-1948.4135356386323	-1952.5985903036187	4.18505466498636	0.29111960125014763	15.159439860859736	0.07086795486520893	0.11307725475927442	4.56636473228251
191000	-1952.5384408472357	-1954.7713356884517	2.2328948412160594	0.3043658886104028	26.069964409003703	0.08518370994587027	0.08679698805184698	3.4716757198099275
192000	-1951.5545386757872	-1953.3956304429605	1.8410917671732927	0.287693895486276	13.02442096715116	0.09704318596804497	0.3316839104045622	3.5012590714485894
193000	-1960.0823062445138	-1960.247743041344	0.1654367968301098	0.3621350718912512	18.695927726197162	0.08940126942055988	0.37025721728847866	2.3551436260033904
194000	-1950.26253656763	-1954.5272132588404	4.264676691210589	0.2752214883813404	13.805997506089096	0.06490278407687403	0.10540891521599206	4.336707325899475
195000	-1951.6234268033968	-1953.8566676321552	2.233240828758518	0.27014714610435686	16.143206033445395	0.08222893485989269	0.2805686135577889	3.8057180468307164
196000	-1950.1799466904886	-1952.819151125318	2.6392044348294954	0.3276700035910612	16.143206033445395	0.07569721860358007	0.24267536254900215	3.959436302881092
197000	-1951.6659012361847	-1954.2412356124416	2.575334376256922	0.31376451032272135	23.87357209875904	0.09155921137893858	0.1048217012765245	3.9449047773333388
198000	-1951.6941578656788	-1952.715942980396	1.021785114717313	0.33437950855006604	13.704227490452677	0.07319786310300977	0.4036308224821535	2.5714420581506414
199000	-1953.100969769237	-1952.5837627620958	-0.517207007141279	0.29418045007436033	15.655748023585412	0.06495216426560531	0.591291374205633	1.4612714306000398
200000	-1952.1580181519726	-1956.8801577745908	4.722139622618105	0.30053110504938507	16.472382334951774	0.05490922213390765	0.11052933535588048	4.912173057373424
201000	-1957.3913945294685	-1956.381188520978	-1.0102060084906141	0.390414615210212	14.428089844395906	0.07142424910518018	0.6086619424066766	0.9924958463829283
202000	-1954.506586696288	-1958.2723497533545	3.765763057066509	0.33938381697206477	8.725644054297115	0.0826783982260498	0.20366480585984012	4.223284667936992
203000	-1951.6615831927388	-1955.10449830661	3.442915113871197	0.2945329872104068	13.96794323137882	0.08557811070192742	0.15045674747084592	4.235080630851206
204000	-1951.9858543236223	-1954.7289898188303	2.7431354952079072	0.3716164713500403	17.31623967838263	0.08177836210120765	0.16795101433589454	3.9020213931385426
205000	-1950.9221093372512	-1953.69856687934	2.776457542088747	0.324330714646412	17.31623967838263	0.051691667814522196	0.24077754239423044	3.758472588512678
206000	-1952.041890873318	-1953.2855765704267	1.2436856971087562	0.342955563229554	16.28475128777563	0.0589631058425823	0.3650058244992089	2.688378062654355
207000	-1951.9490573823282	-1954.4811987880853	2.5321414057570744	0.4050183886603501	16.47628413129585	0.054758538935925784	0.12241418345030358	2.821744690633524
208000	-1949.062811507464	-1952.3055327423708	3.2427212349068384	0.287726794527946	15.03856616954347	0.0913064979462864	0.07054689592742365	3.4717819790355477
209000	-1949.629014375232	-1952.9381058469448	3.3090914717128737	0.31748940806966575	13.785682720851261	0.08882819915009547	0.10415034973902235	3.765626340953985
210000	-1953.900288468762	-1957.0392108615597	3.1389223927977286	0.25579849326160964	14.889887240833689	0.11005406741044327	0.18900170151774717	4.609433437049997
211000	-1949.9586371470305	-1953.964530633289	4.0058934862585875	0.3020411999244776	10.072465485137107	0.08500698329853468	0.14493860402329142	4.325694188198048
212000	-1952.976768000449	-1955.1847997932764	2.2080317928273487	0.33148746207119845	27.997334016189264	0.061576840374973005	0.18258054542141489	3.918570956683121
213000	-1954.7162590829462	-1956.07861253182	1.3623534488737459	0.31289644338689204	20.42323066753165	0.04801685231169958	0.3584367858578782	2.9321635247691966
214000	-1954.34613024555	-1957.461821136769	3.115690891218893	0.3662400060063043	20.42323066753165	0.05542439772411943	0.1936381010863708	4.216469867634778
215000	-1951.8505295131627	-1955.4366658395786	3.5861363264158435	0.3106202282166034	18.66245208118722	0.06671097842835905	0.13217715611368713	4.3679123548600565
216000	-1951.3200605055436	-1954.1020739669427	2.782013461399111	0.2944925170152197	20.807806415212966	0.08420445340951146	0.14319168452314485	4.114802310573609
217000	-1951.062221222121	-1953.8559910579402	2.793769835819124	0.32746359247077966	19.267421409348806	0.06034817671599881	0.2367294331886619	4.093669744511579
218000	-1954.106509600144	-1957.3873536986973	3.2808440985533034	0.3198386230171223	17.84751854863666	0.054120644281277316	0.09741860766004404	3.4526833296748167
219000	-1955.9310839322143	-1954.5910272704682	-1.34005666174617	0.3560476475662527	12.346667829177203	0.09305427970436421	0.6571998333430724	0.8726663399217529
220000	-1948.986775596938	-1952.8807154868691	3.893939889931091	0.3168277240879342	16.625973663645123	0.09137203303943653	0.1090655383745034	4.708876458490742
221000	-1949.7509946435136	-1953.021015789812	3.2700211462984248	0.35855570522152247	19.705889767131122	0.06675833565098338	0.13137035809514241	4.134128199692254
222000	-1949.7910114559102	-1953.0262763671533	3.235264911243129	0.2934205537684732	20.04164533067915	0.07903746522982717	0.1433241583377795	4.423714618942403
223000	-1948.9748397329836	-1951.9837722926384	3.008932559654726	0.3159189079756524	15.660361116610584	0.06742542786406788	0.2328631547738715	4.100166895719302
224000	-1954.3447372031817	-1958.2503096884486	3.9055724852670215	0.3300650325912656	18.61746425916704	0.053415877832586695	0.1537387521922272	4.5865403115215715
225000	-1950.8758895399571	-1955.2568186296576	4.380929089700498	0.3017228035435273	10.848256616146971	0.09071319345315842	0.15161220086972718	4.924982697526632
226000	-1954.4385456162784	-1953.837570997184	-0.6009746190944423	0.2990454710877721	12.528828034948884	0.06824485805306903	0.6144055748309583	1.1605122985091065
227000	-1956.6313298138564	-1958.3911968031737	1.7598669893172179	0.2804492247705129	18.699732386171764	0.12799340591175495	0.055541063911086604	2.5873111376431543
228000	-1949.4830771931445	-1953.325170288227	3.8420930950824577	0.3369322114044262	12.787056555964151	0.06129058766769819	0.2044481836495958	4.40519768177301
229000	-1951.0575206347091	-1954.2440505500128	3.186529915303651	0.3430596681177075	19.30542604609974	0.07645323778892221	0.1325102734167859	4.192930770542693
230000	-1949.7610918528796	-1954.1222378450543	4.361145992174558	0.28547840465148416	18.080743529557385	0.06473402546119622	0.08491509692663142	4.614881904253444
231000	-1948.9075494999681	-1952.2573097738498	3.349760273881545	0.3548091940619277	17.493919962587814	0.06313176512279163	0.09866842099997027	3.6729947316456024
232000	-1957.9569114388382	-1958.7729557778534	0.816044339015264	0.30379054920801296	13.433252512735397	0.04952572603228282	0.47832306686595566	2.06954978569758
233000	-1951.8606899337033	-1955.0095990311802	3.1489090974769254	0.32041450764634916	13.433252512735397	0.08707705359562612	0.12300078772356605	3.708618770153444
234000	-1951.0335300297465	-1955.5810269678434	4.547496938096909	0.2522027511703443	15.976677541020623	0.0779570450000009	0.15439511683346255	5.4375796011132405
235000	-1954.2677591934792	-1956.9016789210934	2.6339197276143205	0.30179567732340296	16.52856406915291	0.09485824732890501	0.13569711010634414	3.7108613172495435
236000	-1948.824062883807	-1952.4432416758993	3.619178792092283	0.2956489733282019	16.588953032695674	0.0807941140684169	0.17223556602520024	4.721642423242173
237000	-1949.294761974512	-1953.77965066613	4.484888691617833	0.29828734392796247	9.899497036489047	0.08391260084708467	0.12747107100027158	4.6382682185713255
238000	-1950.5659438177963	-1954.3814394803037	3.815495662507486	0.29151389994692	11.074791572579388	0.07855706303302007	0.11459720165842141	3.9130322701826286
239000	-1951.5438217494286	-1954.454984284344	2.9111625349152153	0.33713309522920476	17.20323063993407	0.07855706303302007	0.1840257385504194	4.098914765417774
240000	-1954.1314596479028	-1956.2817775724589	2.1503179245560418	0.39807422920841	17.460120359068007	0.05306731876860634	0.23991967536705844	3.1686868833129505
241000	-1950.7379131546365	-1953.2637450393265	2.525831884689902	0.3665912083983795	18.012713559036616	0.07165592514876712	0.14659191312115705	3.4416048934228023
242000	-1948.374396738091	-1952.3141078853475	3.939711147256615	0.3117854618695284	15.146960297277726	0.09079429538592747	0.104442512410269	4.563796855440755
243000	-1953.890434247858	-1957.0406854183675	3.1502511705096405	0.30878558333739353	13.27118791109738	0.09893932761650957	0.21483372992912997	4.429527204305248
244000	-1951.0310939397248	-1952.6803508867768	1.6492569470518852	0.28790444246024516	20.798482806103806	0.08760829325849592	0.29043085636885185	3.741939878339405
245000	-1954.0574065627443	-1954.5863565206844	0.5289499579400452	0.3465094927322436	20.30436783632281	0.059214785298535084	0.3952046165696065	2.405610530780744
246000	-1953.250307328472	-1955.9897682788737	2.739460950401655	0.31505984917704866	19.569919215275966	0.06731907758153484	0.12336037324910919	3.539359264175267
247000	-1952.6435967782375	-1955.5937169534116	2.950120175174133	0.2669825552761969	20.088054407762623	0.0981080480952332	0.14338413671762734	4.437811251583361
248000	-1953.8855823357821	-1953.586725460682	-0.2988568751002594	0.3436207347938551	14.514831546665809	0.0765524342799504	0.5514829954372038	1.700657268571964
249000	-1951.3238222376326	-1953.7994565715899	2.47563433395715	0.2849517206460364	18.32530850217938	0.0765524342799504	0.06392024707653945	2.6714048630634504
250000	-1950.436733204365	-1952.8769664044428	2.440233200077822	0.30783067962193555	15.4475772030789	0.09451104558571354	0.2578629547718859	4.052977486273639
251000	-1949.8033093581823	-1953.545832692158	3.7425233339755923	0.28078447641925086	15.190495791131134	0.10175623767525242	0.12437240062098417	4.707416041598707
252000	-1949.3620040909007	-1953.0129073295088	3.6509032386082296	0.33994212221640013	16.14801254251722	0.06123417901801349	0.17165680302493627	4.370847669510255
253000	-1952.6953917490598	-1953.6792108099658	0.9838190609058455	0.3317238892060432	19.970768222750344	0.06954237235209439	0.07403509234680233	1.3452974049139494
254000	-1956.149972650944	-1956.940411259803	0.7904386088590909	0.27949467477353584	30.136078127694365	0.08731773022782709	0.3007443408471581	3.5739652344605157
255000	-1951.636771593628	-1954.6343601115398	2.9975885179117245	0.28071112008875465	16.02056478098801	0.08731773022782709	0.21777831858224142	4.3857855626240605
256000	-1957.1507466433613	-1959.6471974232722	2.4964507799108437	0.47515426266271393	22.31892108780599	0.050838681807775406	0.15444842083124483	3.430232260328626
257000	-1954.3023414239155	-1955.0605819436307	0.7582405197150981	0.3067934593306046	22.493289655478275	0.09381279460651032	0.3415221293093602	3.2398273319329354
258000	-1951.833794935432	-1954.4236260621212	2.5898311266892193	0.3755161643616056	22.493289655478275	0.07555975103802554	0.1530371666617759	3.979556461850952
259000	-1954.1191098375452	-1955.8432422701871	1.7241324326418375	0.29222521216364683	26.684574715386464	0.07975581774870641	0.2554864594383074	3.9977049078522944
260000	-1951.4384944520796	-1953.135632147334	1.6971376952545056	0.32705125635604476	18.884942982227955	0.08606612040052522	0.29816717111482427	3.6345687414230037
261000	-1950.5314899338841	-1953.8208272245179	3.2893372906336613	0.29014975039362106	12.555019960080392	0.08964967027314712	0.18918371020940358	4.227364599484819
262000	-1954.2970892002281	-1957.0813983551818	2.784309154953662	0.32068469304807007	18.205954205869133	0.09083893083722011	0.2355180907548291	4.501507676925915
263000	-1951.7230816786662	-1956.385834730801	4.662753052134903	0.3431894993891418	14.757963866442266	0.04822212889202549	0.12031587432072662	4.642594839693238
264000	-1950.435000443183	-1952.531250997214	2.0962505540311063	0.27710744066419535	16.157179578926982	0.07916586917498905	0.29815547073895604	3.6811315156180497
265000	-1949.285904554921	-1951.9178334940934	2.631928939172358	0.2902652541136998	14.055444498266652	0.08193466081321625	0.26531765172551836	3.9421644703556145
266000	-1949.616129380319	-1953.51948957954	3.90336019922103	0.2671001062472631	14.894509848753529	0.0719658838523741	0.17125804565142655	4.6930537913783
267000	-1948.7141153284877	-1952.941094587262	4.226979258774328	0.28565551528059263	11.602294867579703	0.08518970437612534	0.15230485903400554	4.775068583616818
268000	-1952.2916279859587	-1955.3692653978267	3.0776374118679453	0.31586544811772044	17.740688412642005	0.06837756311015641	0.11939256940417166	3.7073110258963116
269000	-1953.6580459159122	-1956.1312320521902	2.473186136277925	0.3737965183493251	12.876908620066851	0.06472537826356037	0.23635520357982098	3.2535202645560015
270000	-1951.6565981251017	-1954.2268357614396	2.5702376363379664	0.3290767658308291	17.01026698567313	0.07459235090743085	0.20591572401624356	3.786995839622275
271000	-1949.5979771833775	-1953.0659861736622	3.468008990284812	0.28710656264203566	17.494910601077816	0.06328143014744372	0.1945843126460979	4.473161451146213
272000	-1949.4256751629132	-1952.8378937463594	3.4122185834461334	0.3525988061252379	19.198297043256154	0.05914442837498903	0.11986681091715934	4.003288239003782
273000	-1950.980089452687	-1955.3324873112442	4.352397858557132	0.26098856300347895	10.516187626528533	0.09648290067237478	0.09736073290054349	4.501684953537977
274000	-1951.35688837897	-1954.4416046928127	3.084716313842514	0.33317390017420057	20.26853888584398	0.06480924127743261	0.14067194703992394	4.028400479803688
275000	-1952.8505363906634	-1953.0567691423862	0.20623275172282451	0.3472733215199613	20.26853888584398	0.05973078910118416	0.44824637165912845	2.215588356429077
276000	-1952.8914564978486	-1953.9844988884925	1.0930423906439115	0.29979123221221854	18.764847666989088	0.06523342275933239	0.35878504045583964	2.8556930864333605
277000	-1951.6343148379844	-1955.3475014255253	3.7131865875407266	0.26960571841146747	18.324443438329094	0.06634364414093419	0.09372035970319154	4.1155801660259215
278000	-1949.774517664742	-1953.3582929825645	3.5837753178226155	0.3056979798419031	18.271002862935237	0.07426946281208698	0.14275922615768555	4.540059982223029
279000	-1950.9576020668046	-1952.516003263371	1.5584011965663862	0.30440569105433646	17.676490535503145	0.08636526037396924	0.30723881380662627	3.426048013291643
280000	-1949.6243054933263	-1953.2078128867788	3.583507393452371	0.35377960374774226	14.41439176598286	0.056864981674781594	0.1138076981628543	3.6441208728176786
281000	-1950.5307595004215	-1954.5292347795917	3.998475279170214	0.30362076334957955	14.488769925677968	0.06537171678502961	0.10751818929133108	4.167083973657331
282000	-1951.596410968776	-1953.901346700036	2.304935731260082	0.32181823251142994	13.587235543718997	0.08609996987561913	0.27124613138542275	3.655999683363709
283000	-1951.2439017493093	-1954.2136090928684	2.9697073435591212	0.36714762156923847	13.634780082933192	0.054846256628965535	0.2569429323887634	3.7274685096825264
284000	-1949.8344726255884	-1953.9204955523562	4.086022926767798	0.32598255642174523	13.634780082933192	0.06719882352172447	0.18324230819669504	4.734644991388579
285000	-1951.6178647895977	-1954.091762710475	2.4738979208773344	0.3548143578758791	16.33170106702871	0.09096393087321669	0.20302033436511088	3.87695747594839
286000	-1953.0161012496005	-1954.9697547601681	1.9536535105675936	0.35883585385852323	25.86043773676715	0.0846055855812777	0.20495885255536456	4.027975873714533
287000	-1950.9478410868333	-1953.957643539957	3.0098024531236662	0.26175776439954673	14.12936340374723	0.07159675253997758	0.24771920751906787	4.086766426727202
288000	-1949.7196821209022	-1953.323796990763	3.60411486986063	0.36368210084234837	14.906785885315932	0.07957479767910855	0.11853124959229452	4.154444107047233
289000	-1952.0042130720178	-1954.6617005284054	2.6574874563876256	0.31789413538606653	17.579978012493324	0.07824461254331086	0.13161780114167787	3.538453430619752
290000	-1951.7584572863257	-1956.624957433331	4.866500147005338	0.28456795263240264	9.61275165785094	0.06839370257012924	0.1007918218487246	4.490994739966617
291000	-1950.1188399938555	-1952.9219120334044	2.803072039548802	0.2950160933905428	19.31478974175671	0.08511252396842828	0.078475485663309	3.4268145292250147
292000	-1953.5141042757368	-1957.5488462468957	4.0347419711589145	0.2720056186043969	17.028160651919393	0.08191084248687512	0.10218586643313292	4.673052323611553
293000	-1953.71150089816	-1957.120261994104	3.4087610959441843	0.3795321600967853	11.981315863524571	0.08941411689209788	0.17897157461179408	4.225736935307874
294000	-1955.8548562559213	-1958.8978503648755	3.0429941089542494	0.3816239687638056	12.30318043337403	0.051167076802884286	0.1317111267692034	2.920637708315465
295000	-1949.7161298962633	-1953.9487677403922	4.232637844128994	0.33611098790711114	12.332507325724496	0.0533239511878263	0.10166552206067855	3.897075465639791
296000	-1951.4294552399635	-1953.857326920635	2.4278716806714415	0.31088681890598163	20.554932434461424	0.0583932313670608	0.077249135700238	2.676952536813813
297000	-1950.5857259372567	-1953.95702000395	3.371294066693265	0.31319537838149436	12.142165940767907	0.059025055422623575	0.24573948890829989	4.007078833876078
298000	-1955.8184280379226	-1957.9206588730888	2.1022308351663153	0.35806252935268984	19.232760101484033	0.09506108084256941	0.1399554652457949	3.4500367310995683
299000	-1954.3194146894032	-1956.974330831938	2.6549161425347676	0.4113067451976622	17.261018189645043	0.061906754553316796	0.20627855519033025	3.6724252311142345
300000	-1951.9139000927535	-1954.7873188303136	2.8734187375599887	0.32921099639338774	12.593403512454291	0.10715898697609971	0.2016912393989344	4.135300376147655
301000	-1952.004091934389	-1954.6648215573637	2.6607296229746034	0.3524407450128319	11.764207956027128	0.06104714050729302	0.27411712506765373	3.4021600375860714
302000	-1957.0815032129021	-1956.947762027411	-0.13374118549118807	0.32260643660256694	15.094578979064638	0.1056729174237718	0.44722818216008803	2.15720078417994
303000	-1951.6402942456152	-1954.3385871751284	2.698292929513136	0.333758271651485	16.37939310969423	0.06679202776388782	0.24745931937576496	3.9061971095598618
304000	-1953.6328426068303	-1954.498642480192	0.8657998733617036	0.3431000281930321	19.609832920361065	0.09062215280660701	0.33934486531351077	3.0638385802163857
305000	-1951.509419020979	-1953.6770466353873	2.1676276144083295	0.3323404260116296	15.954628044271658	0.09062215280660701	0.2242225612231093	3.629766933202938
306000	-1952.4703280027652	-1953.113097232727	0.6427692299617912	0.26886910524973595	14.629060362112364	0.08316414030321781	0.4467359971316094	2.5507318298956325
307000	-1949.416562193826	-1954.2320482071989	4.815486013372982	0.26438847109840197	10.349426311604718	0.09010463404225721	0.11924573132231372	5.052165652672051
308000	-1948.6644794718513	-1952.1248031441762	3.46032367232477	0.3319322499086127	14.12692359451721	0.0694953283916767	0.1022520367057438	3.6157554857793226
309000	-1948.601893724185	-1951.7553814172597	3.153487693074857	0.30414441106385237	16.321318953257183	0.0694953283916767	0.2235895032418063	4.302240707422787
310000	-1953.415363580202	-1957.4719073956371	4.056543815435227	0.36727871831315834	10.288981861971138	0.06847327880348403	0.18321263182082545	4.360937034229802
311000	-1949.6300219824711	-1951.9986812230793	2.3686592406082077	0.2913048396631373	13.129530180009956	0.0758814851932317	0.3102640260736913	3.6413526806033802
312000	-1955.6858832841915	-1958.0055044162114	2.319621132019825	0.3532670875167156	30.890246656877753	0.07158728287367243	0.1921950395263342	4.445118330018337
313000	-1952.813710659364	-1955.5796963919624	2.7659857325984665	0.29627543140867	21.738242776249347	0.09209816395038797	0.1636929311841879	4.428238525700706
314000	-1950.5495439573137	-1954.9050219437252	4.355477986411322	0.32630508299072764	12.533522774599888	0.08996577636848835	0.093890824782234	4.59547392354971
315000	-1950.308984901868	-1953.0657987460047	2.7568138441368646	0.29925305775863037	14.194690679049883	0.09251160592022696	0.23474466462715418	4.123404605053691
316000	-1948.9390041829483	-1953.1363343626176	4.197330179669377	0.28163578820360147	12.197866368553429	0.09055342979806381	0.10808732022512754	4.551032376560245
317000	-1950.7270925643513	-1953.716935461223	2.9898428968717727	0.3214048291128048	17.718504104859587	0.0837050575689306	0.07955386543276176	3.4679975085065333
318000	-1956.104911980048	-1959.205576821768	3.1006648417202047	0.3311339361080065	18.802996686696346	0.04349849167114569	0.11662417857497528	3.3200157313807113
319000	-1955.4760783092404	-1957.5273054305305	2.0512271212900934	0.293217567452074	31.83756205381353	0.08026382715627192	0.20713679916291255	4.454923993474127
320000	-1956.3676527521334	-1958.6564682185433	2.2888154664099027	0.3362376672708318	13.017400746172713	0.09399466808583673	0.26502133339336487	3.678650621686698
321000	-1952.6815750220492	-1956.5319619567442	3.850386934695038	0.2962654832848686	12.9081527909997	0.05669703823722551	0.15277927108974873	4.04860723907006
322000	-1949.042070622055	-1952.1608205331693	3.118749911114371	0.34496883419312063	15.615242723603162	0.06471613409201836	0.08955120062495901	3.2016408331491832
323000	-1951.6639857562516	-1954.773225410484	3.109239654232361	0.33178053105158917	16.614243402794887	0.10270378010520487	0.11691221198973106	4.159292589089389
324000	-1952.934387592172	-1956.7438943918416	3.8095067996696272	0.2651330693339569	23.829941380316708	0.06349257664533066	0.15690911289376208	5.1133690255222275
325000	-1954.868561343736	-1956.5182637961627	1.6497024524266926	0.24493187791012583	15.308067290690126	0.05987727558198841	0.3833285418830046	3.0685952934137375
326000	-1952.883347262055	-1954.3043098461856	1.420962584130607	0.31824394286527596	12.68001079363791	0.09117558226574025	0.34956512390118955	3.0095815898506304
327000	-1950.632155309807	-1953.4121911464435	2.780035836636493	0.2933453695536468	18.93812948896995	0.09324522623120686	0.17875867317080285	4.320590055781262
328000	-1953.1533909811537	-1955.2537036995648	2.100312718410982	0.3654776501870593	14.466562979875334	0.05079466366798149	0.3141482383466292	3.0630291194390944
329000	-1952.5062761080337	-1955.917240988088	3.4109648800543546	0.30824233636403986	13.859460309603374	0.10893095961785557	0.10910870558967925	4.214405710393494
330000	-1950.6804944236878	-1954.3335468869432	3.653052463255248	0.3388488676716809	14.667149626628346	0.05704086721527468	0.18517700898487904	4.228735989431624
331000	-1950.1625507461558	-1953.521998213659	3.3594474675030375	0.3251023415109214	10.413910417046745	0.07984122366665393	0.22310973088685973	4.068003066237104
332000	-1951.7233796398789	-1954.1039105849584	2.3805309450795837	0.2893501365108568	14.544068683196043	0.07453231013066917	0.28580081663850704	3.6917344525336278
333000	-1952.7395119865264	-1955.9040461511358	3.1645341646093654	0.2913744429018469	12.013955432250627	0.07410220892455999	0.21039900402628814	3.8999223155657443
334000	-1952.1509690712633	-1953.6941979217072	1.5432288504440486	0.28111733856133975	16.919689116426536	0.10456797663104339	0.29978237389369783	3.5891142892103125
335000	-1951.5010562435405	-1954.1735107688864	2.6724545253460725	0.3368653420878881	18.97671478206324	0.08712969329736181	0.15651446812261896	3.989778970756431
336000	-1952.4638943025122	-1956.4219046235037	3.958010320991531	0.3085320790055127	10.618927396436481	0.04929934125487236	0.23149256513578645	4.1738734581368275
337000	-1949.0630129552833	-1952.0222688018189	2.9592558465356515	0.34941822604686745	16.94673172775864	0.06251984014806264	0.21222940308087823	3.9882193339545315
338000	-1951.9359750300412	-1952.7901913431133	0.85421631307217	0.36734545622946224	19.344857018292544	0.07861725335939246	0.35839082600932093	2.8947002680651472
339000	-1951.0601761274363	-1955.5610849145703	4.500908787134035	0.2574675435943292	10.117930805004937	0.07368052699251439	0.16003251912450145	4.739768323252614
340000	-1955.0216529663073	-1957.5306943276757	2.509041361368458	0.27165884961157744	14.042442846789793	0.08003947481690536	0.26379051441170953	3.7815102057670105
341000	-1952.4452672142359	-1953.5791739104095	1.1339066961735473	0.35133917331158665	16.603107533668812	0.06770473701674252	0.37196414645519005	2.786081744346319
342000	-1953.6276372944205	-1955.6601071430853	2.032469848664755	0.35180919471404	12.28516960096493	0.07999797123110793	0.26700723090086126	3.1334724908087033
343000	-1948.494567997512	-1951.9320801959818	3.4375121984698254	0.3474861294574521	17.02058692157419	0.0738173218511757	0.15833330709251583	4.379323978621598
344000	-1949.7456053015228	-1953.3327474509638	3.587142149441018	0.2659579031043745	12.858036447125198	0.09007694421613906	0.18212905898183868	4.525839840684295
345000	-1950.0807550001803	-1953.182632672196	3.1018776720157546	0.306645825032505	14.132554876534524	0.09007694421613906	0.11213466597251617	3.686439003359408
346000	-1949.7297660634595	-1953.980662646413	4.250896582953681	0.28292053572243403	12.7409598040594	0.06708791959274052	0.12635088657216803	4.432889674550799
347000	-1952.5510484444821	-1956.0074458251142	3.4563973806322004	0.25098337231996226	14.881869197449873	0.0951301728546977	0.20343617905506228	4.7868157573092445
348000	-1948.804385172771	-1952.7973182340095	3.9929330612385163	0.3458761471155103	13.50573638198407	0.06446675861488796	0.15518195138972166	4.413213950530496
349000	-1953.2675844878713	-1955.5672936479184	2.299709160047017	0.31260239764432707	20.303056428135303	0.11979245906482253	0.17514380986674247	4.304119148685849
350000	-1952.0144655459894	-1955.3691243275332	3.3546587815436806	0.3406539707882653	11.849192862512965	0.06348082762101576	0.11231108271695103	3.2578449735080985
351000	-1949.1932595391286	-1953.681078029106	4.487818489977281	0.290314626219123	12.43125151576815	0.06394615344493547	0.13176573530803812	4.622397574485641
352000	-1959.8854819371213	-1960.3764603703287	0.49097843320731793	0.46829871358232816	27.506303268529805	0.05086160060300539	0.3062869810432643	2.4806838070477437
353000	-1951.5593485664897	-1954.7656467255943	3.2062981591046276	0.36439273893209156	20.656593430637766	0.06534493201527847	0.10852439890652105	3.931496618506542
354000	-1950.8880714554216	-1954.6216607319518	3.7335892765301564	0.2551068620532684	18.4888229235411	0.10597105626148551	0.094619073199869	4.784223000196796
355000	-1949.5643988835436	-1952.836527264955	3.272128381411422	0.29357054722751225	16.71001590866233	0.07581425204561704	0.2236947899182464	4.565028241171946
356000	-1950.4342139807775	-1953.8118249972788	3.3776110165011994	0.3316048712398707	18.266566013524585	0.08165701284563452	0.14166934893992159	4.447826395223678
357000	-1951.1129189015296	-1953.2688814815	2.1559625799705815	0.3407207453884017	13.959607283202416	0.07582653889861081	0.08749469154827028	2.2469521771958587
358000	-1951.3446757835902	-1954.6096898190715	3.2650140354812414	0.28996925206471247	24.045393507583956	0.07692434641726273	0.14450566519423141	4.735848205501492
359000	-1948.3727266272306	-1951.904684520281	3.531957893050551	0.31608211628616356	17.28401041718075	0.0767434289195295	0.13819263752572133	4.410507883501259
360000	-1951.3718109233605	-1953.8606017789039	2.4887908555434635	0.3795953703562575	19.684411041030902	0.0779513829477641	0.13639913290046188	3.580481652575969
361000	-1953.7754986064617	-1956.653441833735	2.87794322727337	0.2583747731900399	12.790137701305445	0.09235259121271731	0.2572663975875876	4.1894907590699635
362000	-1951.025318344763	-1954.5201348056435	3.4948164608803776	0.2913506828352147	14.542799394483227	0.056956682874355666	0.20196309635481294	4.1434409036081785
363000	-1949.2622386882076	-1952.5996066776183	3.3373679894107	0.2978183094580168	13.897683604234954	0.06435378864815668	0.07604731832740921	3.082275270879809
364000	-1949.8159407425296	-1953.7452315411117	3.929290798582193	0.28234482259460314	14.322405297174324	0.08569081041222282	0.1397021278082349	4.684539919818
365000	-1949.0966483948093	-1952.3023317473069	3.2056833524974637	0.3285435568879577	17.867695572213453	0.07357308262910064	0.09401287379894233	3.6973424541382363
366000	-1952.2712629172283	-1953.9454090428085	1.6741461255800638	0.3260014838857531	15.193794607718566	0.06779247620628068	0.33851607687771545	3.1015004794881325
367000	-1951.1380972087763	-1952.9111055953647	1.7730083865884438	0.3094101507749599	13.776243018938015	0.0771788415619129	0.3268287209843389	3.185842624043331
368000	-1948.3592249277058	-1952.0832813920867	3.7240564643809435	0.31113793362237974	13.776243018938015	0.07571112758278158	0.1756262411412419	4.491343582772152
369000	-1949.0196326104012	-1952.6989846767235	3.6793520663223007	0.2833714327591396	20.194919541307847	0.07708489361994113	0.08526643849693287	4.328762929092234
370000	-1950.0956325242787	-1954.399137107334	4.303504583055096	0.28062987663000577	12.863114999429834	0.06739222077786076	0.11326239116532252	4.394436195374878
371000	-1948.3167017465473	-1952.1964180908726	3.879716344325334	0.2962775184018887	13.902608573235465	0.08640508340551006	0.1576041719916537	4.724681271147077
372000	-1948.3517206794688	-1952.8755946784283	4.523873998959463	0.26966834889270247	13.45904465687192	0.07970063996612664	0.09132014627466994	4.670739355754389
373000	-1950.4441650797082	-1953.6568677403245	3.212702660616272	0.3220273723135294	17.544234020949535	0.052655204781432964	0.2039682899588984	4.068095101746502
374000	-1949.4384782566367	-1953.119935828075	3.681457571438396	0.2856202052336975	17.827377722841195	0.06699122997681489	0.1750783367531375	4.677054181299803
375000	-1953.1954305724248	-1957.7969558062314	4.601525233806633	0.2674760615692178	11.555334395048273	0.09767126336800777	0.1025362108679281	4.938434949185014
376000	-1955.082390636663	-1956.9076164596509	1.8252258229879257	0.44347679395306067	26.569421426448685	0.06435290229720717	0.19781547136415364	3.5705236360800146
377000	-1950.9679353147571	-1952.9349463738029	1.9670110590457501	0.3092642788196928	16.99851295522967	0.07685432940396104	0.28590092733183126	3.548776675736933
378000	-1950.4759954399308	-1953.2895570164635	2.813561576532718	0.3300561884097658	16.899376873913386	0.07177306612816077	0.1306038397856814	3.5169819368750064
379000	-1949.3887614148186	-1953.103207026329	3.7144456115105333	0.3125266426297444	11.629980587952987	0.07084827124832002	0.19799329314927686	4.2911225988498
380000	-1952.902723075603	-1955.958638407197	3.055915331593974	0.3116714329208494	21.10712725331657	0.060783967405004406	0.17111132977793916	4.189103770327313
381000	-1954.7032444807296	-1957.3829285329616	2.6796840522319787	0.4177917507111779	20.777103818177608	0.05522065373042786	0.10448821110708845	3.188065625293064
382000	-1954.5179237947677	-1957.6921597625765	3.174235967808732	0.4228532341972592	21.869818890980703	0.0511894459555555	0.11523615841015863	3.7875476917143507
383000	-1953.6051669975889	-1955.2217474578474	1.6165804602585536	0.328844422437581	17.665829119789795	0.0629393425397778	0.06516744405968426	1.5366997231657784
384000	-1948.9337799617404	-1953.7359314902214	4.80215152848118	0.27428500469344164	13.149872631021928	0.08559107028323346	0.08176423621352932	4.900902411054143
385000	-1949.814386573541	-1954.2806299881886	4.46624341464762	0.2564006072635104	14.000094467233774	0.07677047171286268	0.08444037614106391	4.541530230063239
386000	-1951.0609773410904	-1952.5858964666058	1.5249191255155403	0.299530445304326	13.76441955886075	0.062236630441142846	0.38253484904786006	2.833200896299519
387000	-1952.0921637232625	-1955.2900017772665	3.1978380540040456	0.28895560631497186	12.464227441802244	0.10344960469400157	0.19396262001716855	4.354737402651939
388000	-1950.199352075364	-1953.648545044993	3.4491929696290025	0.3121870685830486	19.47297751444538	0.059242175147575786	0.13718517801600866	4.199999207899559
389000	-1950.7744782060008	-1954.932753674784	4.158275468783053	0.27993906294579574	10.888936554018269	0.09389362549267319	0.18574201520432984	4.958100103119392
390000	-1951.1181553391054	-1953.6770664326846	2.558911093579041	0.3644985483393694	22.9190908756178	0.08122812887196583	0.123597370653075	3.8605371746446266
391000	-1951.625829163531	-1954.7366134274798	3.110784263948635	0.2618657859709946	18.800886333086464	0.08542193718351039	0.19218447783034592	4.591756472081615
392000	-1950.2278532736855	-1953.8352034108993	3.6073501372139614	0.28809769203345936	19.331349899073587	0.08762004635972208	0.10916342512247085	4.601806532846701
393000	-1951.5510274842716	-1956.1515148581432	4.600487373871564	0.2834746072075379	11.33650400103657	0.10070915970287726	0.13706460359440048	5.24729874413716
394000	-1949.2039581878887	-1952.6823085499857	3.478350362096931	0.3032579699320216	13.304120389211471	0.08414773581621726	0.19245782689047486	4.426333782659547
395000	-1953.2189551690844	-1955.114107040963	1.8951518718785307	0.3409196780210699	17.004334059222998	0.08413043400655193	0.29584328017994954	3.629836211615114
396000	-1950.359224307755	-1953.9315462184302	3.572321910675086	0.3134873619867486	15.558442834118603	0.0794139756289075	0.07699061070167203	3.751120073726567
397000	-1952.3242022807588	-1954.6320744656039	2.3078721848451353	0.3644020990044298	14.844402015849914	0.08344343846218609	0.11143212801297396	2.8528087706092977
398000	-1953.6738802671512	-1956.106371320618	2.432491053466954	0.29871127089830235	10.232903189591596	0.09059849171357402	0.3001086947541787	3.5859564909248114
399000	-1956.3510410101444	-1960.6512140065238	4.300172996379349	0.24520524436967414	14.86456652689034	0.1321254540180036	0.1271113602456128	5.6577880400741805
400000	-1954.1037063935496	-1958.0860824523488	3.9823760587993116	0.32914538528605625	15.021523672594865	0.0748245110861308	0.07873867051819522	4.0559807061251245
401000	-1950.1332283464983	-1953.774894781302	3.64166643480361	0.32091691902475283	17.783924336631582	0.05993290553870651	0.08809697708078779	3.818135282023642
402000	-1948.968643597012	-1951.9874885530241	3.018844956012138	0.3474452305071045	16.321761333662273	0.07003979179449676	0.20867317755847264	4.108085507868208
403000	-1950.836449506923	-1955.0470478673744	4.210598360451514	0.3266400732375914	17.895795641433835	0.05734551585129156	0.10472930147279003	4.521070081776454
404000	-1952.7439097963402	-1955.657776993069	2.913867196728832	0.3193492341516975	17.57313679277111	0.09575309954029611	0.2174658536492832	4.569775422864154
405000	-1960.7499825344496	-1952.5607887608694	-8.18919377358024	0.3248045624821694	14.149397543588808	0.08190880719151801	2.3793954865362426	-4.676282376802724
406000	-1949.620273751535	-1953.176400452245	3.556126700709992	0.3188547092250748	16.50332793773007	0.08790617147642588	0.14637789628426584	4.600858698882213
407000	-1949.1569063781835	-1952.7236304693622	3.5667240911786604	0.33275485020135326	17.786270661848715	0.07581888046557224	0.10380157640565975	4.188163105036075
408000	-1949.6289911624026	-1953.6908784171185	4.061887254715857	0.2686780713797906	15.49718648625087	0.07993210995350897	0.08195312649351219	4.305789657427251
409000	-1956.8756593455362	-1960.014175392785	3.138516047248851	0.2666362480704697	7.720378315845861	0.07507168228072715	0.06886542727397808	2.2562191158503984
410000	-1954.1341084860271	-1955.0937741784153	0.9596656923882165	0.34295231721374525	23.061434207980522	0.06547327396809544	0.3174272899953413	2.9469081512296484
411000	-1954.378902189786	-1956.7233020656415	2.3443998758554185	0.40971303147862315	23.061434207980522	0.05216188193054088	0.18268209214333594	3.5285412966511167
412000	-1950.218857977062	-1952.342297182485	2.1234392054230344	0.3172617481807678	15.600030370146937	0.09281499035151063	0.2661345566967476	3.7568118525535925
413000	-1954.0122808397625	-1957.4400546384657	3.4277737987031056	0.28611245950075515	20.10363018243852	0.05298597926240844	0.1208946250428583	3.9840918671761307
414000	-1954.292845903715	-1956.1323818123215	1.839535908606496	0.3543781428224777	22.690154593814007	0.07946471532353837	0.2315053171894528	3.7227852769809964
415000	-1954.8607466270741	-1955.43219098521	0.5714443581356695	0.23608315393847792	15.272244064473371	0.08697784277174705	0.45420432974076574	2.618617250119459
416000	-1948.27673987767	-1952.1947253896851	3.9179855120151306	0.303771998464903	16.278238361457618	0.07045680279806568	0.1294567948367874	4.5330260866350125
417000	-1949.2500183710122	-1953.2426986057549	3.992680234742771	0.29590656463185966	14.503460266360543	0.07045680279806568	0.17623370838428656	4.746652522198046
418000	-1951.6701848643418	-1954.928544615147	3.25835975080535	0.3227373045346934	13.018217273875774	0.05594293204655585	0.07994558276433848	2.8060308415409017
419000	-1949.3001617332977	-1952.5180303083976	3.2178685750999154	0.30723941730757526	20.20019567434931	0.07882296932556247	0.18281233442660746	4.659082418538591
420000	-1953.834215965734	-1957.334592345367	3.5003763796327485	0.3424267810062949	15.7520522257594	0.08151572346177244	0.1661973398762444	4.5011224218855155
421000	-1955.608517042605	-1957.2860539792653	1.6775369366604145	0.4000914689394416	27.90460146661026	0.0675930557847083	0.2363656502811493	3.7488018284157647
422000	-1948.9853309779583	-1953.1267661288275	4.1414351508691585	0.30688297742169723	15.744496800446903	0.08200793103980447	0.12045994851393342	4.827541752156444
423000	-1954.3800505826582	-1958.7474366525823	4.367386069924124	0.29401428316470446	16.52861394644446	0.07177169827698411	0.14410730048828074	5.135400928827462
424000	-1951.370132252823	-1953.8897278577795	2.5195956049564368	0.29318401906373454	14.074260568387631	0.10284244727150386	0.06964207994607728	2.8104284234796135
425000	-1951.2532255826432	-1955.491748328995	4.238522746351958	0.3264133703171779	10.89284861177848	0.0893705769066747	0.13854505069213058	4.676995990901545
426000	-1951.0797946179189	-1953.8667541885584	2.786959570639464	0.3482217014623474	13.837006954017737	0.08302526229256138	0.23509690897711763	3.9717292097756545
427000	-1957.084766303671	-1958.4905917384626	1.405825434791689	0.3674471527881241	13.837006954017737	0.05739094663360626	0.38096329388584793	2.626820153467951
428000	-1951.9924116713923	-1955.5353454244982	3.542933753105913	0.31422786984498774	23.389911682299033	0.06504680859258628	0.16227183610386106	4.8760429236938325
429000	-1952.8343594009023	-1955.0645818355338	2.2302224346315125	0.3364194781336667	22.362730253261294	0.10209964821282154	0.13736193816833542	3.912321344055783
430000	-1952.0455243805995	-1953.981880866128	1.9363564855283772	0.3328798194512769	19.63883905679414	0.06363600836416071	0.29210711429426767	3.5378616522854514
431000	-1952.9503065499339	-1955.7996322206354	2.849325670701604	0.32067555219708943	15.318577148829084	0.07529317524410259	0.2571709701598798	4.143018072347088
432000	-1948.8727544803799	-1953.3682036120363	4.495449131656479	0.2759921613325232	15.318577148829084	0.07912616960742808	0.11717160605018986	5.066627875497114
433000	-1948.520977084584	-1951.8438021035015	3.322825018917377	0.324980998232552	18.590236232183543	0.07326086025656835	0.12602475871797997	4.164768371224536
434000	-1950.7339318275122	-1954.982435812465	4.248503984952696	0.27489797769115293	11.378067422571176	0.06757560342119859	0.16633793399181973	4.56561107801997
435000	-1957.5685943642613	-1958.6487219532992	1.0801275890377577	0.5137832541421034	19.481393127504855	0.04621138586833999	0.09620551073453579	1.2204840771767156
436000	-1950.5670458099435	-1952.666827713682	2.0997819037386956	0.306369090631498	16.048156550228697	0.07960111745617918	0.2962459363053129	3.675211780730563
437000	-1951.8251699679377	-1954.5191233420821	2.693953374144372	0.34565074310359983	11.85664538342398	0.08436002334442926	0.22909455387107927	3.665270904965217
438000	-1948.1196550204825	-1952.672994479419	4.553339458936583	0.2922308796536774	13.264776098468433	0.08412895262572118	0.11352637021871374	4.969109212409405
439000	-1948.6096077629732	-1953.0982717773534	4.488664014380252	0.28495446724058565	13.264776098468433	0.06876868084790737	0.1271918952972104	4.761812927226069
440000	-1952.6926555848122	-1956.9326795898512	4.240024005039057	0.23809061890837657	13.264776098468433	0.06876868084790737	0.20762349739512714	5.003202316023426
441000	-1955.601714297287	-1957.3248591083202	1.723144811033351	0.32562245320623867	20.340467059588462	0.07806787651602676	0.21954435489054194	3.346415672078843
442000	-1952.716192654722	-1954.816866524381	2.1006738696592584	0.2850615244362937	24.267813431035975	0.07806787651602676	0.2248370204263709	4.048687565776268
443000	-1951.2873618638628	-1953.8237634951436	2.536401631280799	0.3414577170247286	22.69966717735931	0.08073640629470297	0.1823694778503654	4.202511072057158
444000	-1951.4134827534897	-1954.6540415644563	3.240558810966701	0.30497496300124716	18.243494267671917	0.07046260862336418	0.2228217202421608	4.574477021114191
445000	-1953.7100174180705	-1956.2614482292079	2.551430811137311	0.3516562209896897	18.87431657449371	0.0641433062174835	0.23316351820207512	3.8727194679353283
446000	-1948.3681696443407	-1952.6034492702283	4.235279625887715	0.2960770640006124	16.530275996486335	0.08201162956081648	0.12689598160574392	5.046537480067959
447000	-1951.722766383958	-1953.9462677743422	2.223501390384254	0.28517265694891064	22.184468027766794	0.06645034036138468	0.06526038450053971	2.579831061079067
448000	-1949.606616945726	-1952.874993322777	3.268376377051041	0.3128055512231983	18.22971286028749	0.06017743687489318	0.20415681985206752	4.328726543793065
449000	-1954.3277610418668	-1957.5020313215578	3.1742702796910365	0.2827981081904941	13.197179907300287	0.10046887643464927	0.1061485400208872	3.763002591842884
450000	-1950.0886587642274	-1953.6426926781044	3.5540339138770722	0.3515277796945276	14.109296451858947	0.08081202585853299	0.13300974673125113	4.161032471048032
451000	-1951.5981484358067	-1956.4729973651272	4.874848929320528	0.28030196192428486	10.921143961899322	0.08081202585853299	0.12305443748443165	5.062879682473417
452000	-1951.0514971844893	-1955.0552803249664	4.003783140476913	0.24952527638111682	12.648417616407373	0.07959693216354087	0.19514278231696805	4.823590629711431
453000	-1950.6422929993955	-1954.4524376881611	3.810144688765643	0.3103732817546195	16.182918066488163	0.08288169705530019	0.16682908239964686	4.87692732259354
454000	-1948.8897719099207	-1953.0676932276895	4.177921317768799	0.34677830493537737	13.730389628823595	0.07318682330673211	0.13366145072617155	4.624862081700767
455000	-1954.894433953625	-1958.2746787439696	3.3802447903448165	0.37148017981204223	16.262824118929785	0.06600892832339764	0.17375616694674434	4.209824136893673
456000	-1950.8283022457504	-1954.7178461484389	3.889543902688531	0.2914440755096348	13.583997265362962	0.10745269820217752	0.14865184316387103	4.953768580365942
457000	-1950.8489410499478	-1954.8329563341003	3.9840152841525924	0.33559363081556814	12.892231523308688	0.05474560948706391	0.10057617215581165	3.7249368491213497
458000	-1952.6563706654144	-1955.6501658699715	2.9937952045569505	0.2930205161904586	13.725387760506578	0.08958086702178951	0.09654503591515287	3.3799642137353483
459000	-1950.730801494648	-1954.0937113965574	3.362909901909417	0.2902340793224146	15.461817653029302	0.07745575818479096	0.10918681730568065	3.849669752664924
460000	-1954.2491928673187	-1957.751562152021	3.5023692847024437	0.35251603972018497	12.197057956817194	0.05705213832924816	0.21095945628228446	3.954169009790145
461000	-1949.0410911514082	-1952.5942189749264	3.5531278235181585	0.3101032226388327	15.086810020021659	0.07468420551590513	0.15305368727210136	4.295333688650392
462000	-1952.4622389996905	-1954.8587766510761	2.3965376513856214	0.2882990399218333	14.541221331329027	0.070786225260721	0.2902335522596572	3.658817768105057
463000	-1949.4504558680205	-1953.0258061524623	3.5753502844417517	0.2926764433677251	16.530067731225053	0.06594990701616743	0.07859033571362976	3.635083115220128
464000	-1953.7886151155717	-1955.8461439708606	2.057528855288794	0.2613290209637088	16.35236615004621	0.0823216029132033	0.3119084578399872	3.7567509849697927
465000	-1953.717249663168	-1957.828602079132	4.111352415963827	0.23138038144219575	15.603425444989652	0.07563639012047	0.16504054945668245	4.994383097272931
466000	-1952.4222958181044	-1955.198753572815	2.7764577547105658	0.2946281933130467	12.097384694674442	0.1043122319976967	0.07549127518766963	2.9623370748127935
467000	-1952.8042056792694	-1955.8732274911827	3.069021811913311	0.3678944175921371	22.910612903562853	0.048220023761098914	0.11834085232621161	3.728712485442208
468000	-1950.657055286788	-1954.8792702857413	4.22221499895341	0.30500144453297245	15.68846384472173	0.08489169918769171	0.1336526059539193	5.052942028416761
469000	-1957.0529460999533	-1958.860449176724	1.8075030767705955	0.32762314382627594	28.475689862831562	0.08489169918769171	0.1560223188689634	3.790083383568798
470000	-1948.518784792382	-1952.0671113805365	3.54832658815472	0.30223444685125317	13.581723691841391	0.07927217109337578	0.16570459856446398	4.2966050762713435
471000	-1950.0922666132888	-1953.3927757941765	3.3005091808877896	0.33474017513952037	11.890433129113447	0.06796582923337265	0.21242163718431792	3.925898960108431
472000	-1949.342704921867	-1953.6821277794886	4.339422857621602	0.26262191530566137	11.442424197712452	0.09185057883793914	0.13758833381430377	4.8710492764779865
473000	-1962.5583403411572	-1961.8364692569294	-0.7218710842277278	0.4124997019917309	20.421151562886365	0.08345381911470094	0.4615257706251065	1.7382582108801272
474000	-1952.4676573383483	-1952.950904745529	0.4832474071807761	0.3535517428674414	20.421151562886365	0.06213054735095411	0.4238726670555392	2.4935339769843132
475000	-1950.2794756446992	-1954.3258462129231	4.046370568223901	0.32517740570691944	12.193490821579026	0.061587865462725544	0.1360886333589492	4.144465204954739
476000	-1950.3474131905677	-1953.9418981161991	3.5944849256313383	0.29257448590406654	11.661763239556144	0.09567976235691088	0.16585730399227555	4.39477615214088
477000	-1952.2796838004178	-1956.4470608612485	4.167377060830597	0.2903930024208808	10.615150058807918	0.07675231059013018	0.19602503940687072	4.71908717458433
478000	-1948.116025280087	-1951.8834003223974	3.7673750423106136	0.2976665163283081	15.778740782904302	0.0822540504675901	0.08052597019096273	4.057926757938791
479000	-1948.9067277275237	-1951.7075829743765	2.800855246852657	0.29474882448898104	15.68617082704555	0.07204555039253634	0.2460540135040703	4.030174526836842
480000	-1956.6066672100114	-1959.2273202537763	2.6206530437647944	0.3757601265767072	13.66556527927542	0.06053565649088835	0.2540269251568629	3.478070750177646
481000	-1952.1455030528539	-1956.173595222562	4.028092169708113	0.29657122125610924	15.905804044191806	0.08184583578153252	0.08866300390566006	4.420276437014161
482000	-1950.9413975631542	-1955.0801765054596	4.138778942305465	0.27130363963084914	15.760719697230769	0.08199981643114361	0.16392574036762242	5.134379992011286
483000	-1956.093639223087	-1957.322949537163	1.2293103140758614	0.2578011021589292	15.760719697230769	0.09024196795816262	0.36782995179681616	3.162416827000174
484000	-1949.8301977564904	-1953.0607313281657	3.230533571675436	0.33984464133304454	16.871330345931	0.07527384931439429	0.1916855274429153	4.374599021235912
485000	-1949.6916022706148	-1954.6433826512405	4.951780380625565	0.24719033313160382	12.12582459536635	0.08458301537630528	0.07398154008657862	4.825716065449004
486000	-1951.146586948917	-1954.1110803562258	2.964493407308723	0.3282369920114218	16.059753308571263	0.08889967286782638	0.186842212352007	4.227646169654766
487000	-1948.878823151772	-1952.074831755675	3.1960086039030116	0.32474811658988173	18.699898743226825	0.07365110241589373	0.12649560784484656	4.057681830546616
488000	-1951.3350116009458	-1954.46556469186	3.130553090914234	0.2851739706653115	16.095570772147163	0.06867077104434954	0.10540935851324953	3.4919777983057654
489000	-1950.9400498958087	-1955.675533865346	4.735483969537535	0.2901951074697482	18.63615517861624	0.06201054464348614	0.08971432390746187	5.042461865352969
490000	-1951.0966215474036	-1956.006860164137	4.910238616733269	0.27681095069664075	11.889224732278073	0.07145796368118723	0.13599434450587075	5.150424365408383
491000	-1951.269853967232	-1954.268184794923	2.9983308276909675	0.3606545703957072	17.821087312616314	0.06501469165886241	0.16925526783770922	3.924199836180139
492000	-1949.5614252809075	-1953.122897265669	3.561471984761474	0.33744769785240836	15.151721042032475	0.08167576623723993	0.14853111883970063	4.395220331010883
493000	-1954.920477984581	-1957.8080844868937	2.8876065023125967	0.24749639993767575	9.909497419456354	0.07549384900373535	0.2884246814799926	3.7212599646173263
494000	-1958.8185056313882	-1960.9239715634494	2.105465932061132	0.25586867537297564	14.86705582656336	0.04879638302849694	0.3730963408724393	3.2393078488849225
495000	-1951.2674176730975	-1956.4025003274273	5.135082654329837	0.26883797851862556	11.027484374815993	0.0698465558298766	0.13414765931559117	5.237345160835398
496000	-1954.8841697559271	-1954.8505123644736	-0.03365739145360558	0.287781392444367	14.021791706361116	0.08954468255058415	0.49604240813203315	2.0185866233497265
497000	-1952.846783755302	-1955.0988402525336	2.25205649723143	0.35801841202398127	24.89920304638368	0.06370335946901272	0.10690030656022591	3.25338529892134
498000	-1949.626610911079	-1954.274466623552	4.647855712472741	0.30275077931420113	10.49258664439872	0.07180525746602123	0.07888974185350753	4.191450540395746
499000	-1955.602252466151	-1957.8654464664314	2.2631940002805333	0.32109072048133674	23.573527568114216	0.06464499490627944	0.0783010752610713	2.873953023203237
500000	-1955.0022237084588	-1957.9707340577083	2.96851034924964	0.371204951042913	13.653440692077272	0.05983586624637802	0.1394087780640144	3.21162289488183
